<?xml version="1.0" encoding="UTF-8"?>
<!-- Generated by org.testng.reporters.JUnitReportReporter -->
<testsuite hostname="BLR-P7109760LP" failures="0" tests="2" name="TestVagrant.CodingAssignment.ReadingJSON" time="0.029" errors="0" timestamp="13 Jan 2023 11:45:31 GMT">
  <testcase classname="TestVagrant.CodingAssignment.ReadingJSON" name="validatetheRoleTest" time="0.003"/>
  <testcase classname="TestVagrant.CodingAssignment.ReadingJSON" name="ReadingJSON1" time="0.026"/>
</testsuite> <!-- TestVagrant.CodingAssignment.ReadingJSON -->
