<?xml version="1.0" encoding="UTF-8"?>
<!-- Generated by org.testng.reporters.JUnitReportReporter -->
<testsuite hostname="BLR-P7109760LP" failures="0" tests="2" name="TestVagrant.CodingAssignment.RCBUpcomingteamDetails" time="0.025" errors="0" timestamp="13 Jan 2023 12:19:29 GMT">
  <testcase classname="TestVagrant.CodingAssignment.RCBUpcomingteamDetails" name="validateWicketKeeperAvailableTest" time="0.003"/>
  <testcase classname="TestVagrant.CodingAssignment.RCBUpcomingteamDetails" name="validateForeignPlayersCountTest" time="0.022"/>
</testsuite> <!-- TestVagrant.CodingAssignment.RCBUpcomingteamDetails -->
