<?xml version="1.0" encoding="UTF-8"?>
<!-- Generated by org.testng.reporters.JUnitReportReporter -->
<testsuite hostname="BLR-P7109760LP" failures="0" tests="1" name="TestVagrant.CodingAssignment.ReadJsonArrayEx" time="0.012" errors="0" timestamp="13 Jan 2023 07:26:07 GMT">
  <testcase classname="TestVagrant.CodingAssignment.ReadJsonArrayEx" name="test" time="0.012"/>
</testsuite> <!-- TestVagrant.CodingAssignment.ReadJsonArrayEx -->
